0 info it worked if it ends with ok
1 verbose cli [ '/Users/nacho/.nvm/versions/node/v0.12.2/bin/node',
1 verbose cli   '/Users/nacho/.nvm/versions/node/v0.12.2/bin/npm',
1 verbose cli   'run',
1 verbose cli   'test-package-one' ]
2 info using npm@2.7.4
3 info using node@v0.12.2
4 verbose run-script [ 'pretest-package-one',
4 verbose run-script   'test-package-one',
4 verbose run-script   'posttest-package-one' ]
5 info pretest-package-one meteor-peer-npm-issue@
6 info test-package-one meteor-peer-npm-issue@
7 verbose unsafe-perm in lifecycle true
8 info meteor-peer-npm-issue@ Failed to exec test-package-one script
9 verbose stack Error: meteor-peer-npm-issue@ test-package-one: `meteor test-packages --driver-package dispatch:mocha-browser one -p 4000`
9 verbose stack Exit status 254
9 verbose stack     at EventEmitter.<anonymous> (/Users/nacho/.nvm/versions/node/v0.12.2/lib/node_modules/npm/lib/utils/lifecycle.js:213:16)
9 verbose stack     at EventEmitter.emit (events.js:110:17)
9 verbose stack     at ChildProcess.<anonymous> (/Users/nacho/.nvm/versions/node/v0.12.2/lib/node_modules/npm/lib/utils/spawn.js:14:12)
9 verbose stack     at ChildProcess.emit (events.js:110:17)
9 verbose stack     at maybeClose (child_process.js:1015:16)
9 verbose stack     at Process.ChildProcess._handle.onexit (child_process.js:1087:5)
10 verbose pkgid meteor-peer-npm-issue@
11 verbose cwd /Users/nacho/meteor-peer-npm-issue
12 error Darwin 15.6.0
13 error argv "/Users/nacho/.nvm/versions/node/v0.12.2/bin/node" "/Users/nacho/.nvm/versions/node/v0.12.2/bin/npm" "run" "test-package-one"
14 error node v0.12.2
15 error npm  v2.7.4
16 error code ELIFECYCLE
17 error meteor-peer-npm-issue@ test-package-one: `meteor test-packages --driver-package dispatch:mocha-browser one -p 4000`
17 error Exit status 254
18 error Failed at the meteor-peer-npm-issue@ test-package-one script 'meteor test-packages --driver-package dispatch:mocha-browser one -p 4000'.
18 error This is most likely a problem with the meteor-peer-npm-issue package,
18 error not with npm itself.
18 error Tell the author that this fails on your system:
18 error     meteor test-packages --driver-package dispatch:mocha-browser one -p 4000
18 error You can get their info via:
18 error     npm owner ls meteor-peer-npm-issue
18 error There is likely additional logging output above.
19 verbose exit [ 1, true ]
